[debug] [2025-01-23T22:00:31.220Z] ----------------------------------------------------------------------
[debug] [2025-01-23T22:00:31.223Z] Command:       /opt/homebrew/Cellar/node/23.4.0/bin/node /opt/homebrew/bin/firebase emulators:start
[debug] [2025-01-23T22:00:31.223Z] CLI Version:   13.29.1
[debug] [2025-01-23T22:00:31.223Z] Platform:      darwin
[debug] [2025-01-23T22:00:31.223Z] Node Version:  v23.4.0
[debug] [2025-01-23T22:00:31.224Z] Time:          Thu Jan 23 2025 17:00:31 GMT-0500 (Eastern Standard Time)
[debug] [2025-01-23T22:00:31.224Z] ----------------------------------------------------------------------
[debug] 
[debug] [2025-01-23T22:00:31.289Z] > command requires scopes: ["email","openid","https://www.googleapis.com/auth/cloudplatformprojects.readonly","https://www.googleapis.com/auth/firebase","https://www.googleapis.com/auth/cloud-platform"]
[debug] [2025-01-23T22:00:31.290Z] > authorizing via signed-in user (genevaxng@gmail.com)
[info] i  emulators: Starting emulators: functions, extensions {"metadata":{"emulator":{"name":"hub"},"message":"Starting emulators: functions, extensions"}}
[debug] [2025-01-23T22:00:31.292Z] Checked if tokens are valid: true, expires at: 1737672577523
[debug] [2025-01-23T22:00:31.292Z] Checked if tokens are valid: true, expires at: 1737672577523
[debug] [2025-01-23T22:00:31.292Z] >>> [apiv2][query] GET https://cloudresourcemanager.googleapis.com/v1/projects/critics-4bf98 [none]
[debug] [2025-01-23T22:00:31.471Z] <<< [apiv2][status] GET https://cloudresourcemanager.googleapis.com/v1/projects/critics-4bf98 200
[debug] [2025-01-23T22:00:31.471Z] <<< [apiv2][body] GET https://cloudresourcemanager.googleapis.com/v1/projects/critics-4bf98 {"projectNumber":"305889996010","projectId":"critics-4bf98","lifecycleState":"ACTIVE","name":"critics","labels":{"firebase":"enabled","firebase-core":"disabled"},"createTime":"2024-12-22T23:29:35.118192Z"}
[debug] [2025-01-23T22:00:31.737Z] [logging] Logging Emulator only supports listening on one address (127.0.0.1). Not listening on ::1
[debug] [2025-01-23T22:00:31.737Z] assigned listening specs for emulators {"user":{"hub":[{"address":"127.0.0.1","family":"IPv4","port":4400},{"address":"::1","family":"IPv6","port":4400}],"ui":[{"address":"127.0.0.1","family":"IPv4","port":4000},{"address":"::1","family":"IPv6","port":4000}],"logging":[{"address":"127.0.0.1","family":"IPv4","port":4500}]},"metadata":{"message":"assigned listening specs for emulators"}}
[debug] [2025-01-23T22:00:31.744Z] [hub] writing locator at /var/folders/3g/90dsk9rx4lvc8xf9mltqvjc40000gn/T/hub-critics-4bf98.json
[debug] [2025-01-23T22:00:31.749Z] [Extensions] Started Extensions emulator, this is a noop.
[debug] [2025-01-23T22:00:32.022Z] [functions] Functions Emulator only supports listening on one address (127.0.0.1). Not listening on ::1
[debug] [2025-01-23T22:00:32.022Z] [eventarc] Eventarc Emulator only supports listening on one address (127.0.0.1). Not listening on ::1
[debug] [2025-01-23T22:00:32.022Z] [tasks] Cloud Tasks Emulator only supports listening on one address (127.0.0.1). Not listening on ::1
[debug] [2025-01-23T22:00:32.022Z] late-assigned ports for functions and eventarc emulators {"user":{"hub":[{"address":"127.0.0.1","family":"IPv4","port":4400},{"address":"::1","family":"IPv6","port":4400}],"ui":[{"address":"127.0.0.1","family":"IPv4","port":4000},{"address":"::1","family":"IPv6","port":4000}],"logging":[{"address":"127.0.0.1","family":"IPv4","port":4500}],"functions":[{"address":"127.0.0.1","family":"IPv4","port":5001}],"eventarc":[{"address":"127.0.0.1","family":"IPv4","port":9299}],"tasks":[{"address":"127.0.0.1","family":"IPv4","port":9499}]},"metadata":{"message":"late-assigned ports for functions and eventarc emulators"}}
[warn] ⚠  functions: The following emulators are not running, calls to these services from the Functions emulator will affect production: apphosting, auth, firestore, database, hosting, pubsub, storage, dataconnect {"metadata":{"emulator":{"name":"functions"},"message":"The following emulators are not running, calls to these services from the Functions emulator will affect production: \u001b[1mapphosting, auth, firestore, database, hosting, pubsub, storage, dataconnect\u001b[22m"}}
[debug] [2025-01-23T22:00:32.025Z] defaultcredentials: writing to file /Users/geneva/.config/firebase/genevaxng_gmail_com_application_default_credentials.json
[debug] [2025-01-23T22:00:32.027Z] Setting GAC to /Users/geneva/.config/firebase/genevaxng_gmail_com_application_default_credentials.json {"metadata":{"emulator":{"name":"functions"},"message":"Setting GAC to /Users/geneva/.config/firebase/genevaxng_gmail_com_application_default_credentials.json"}}
[debug] [2025-01-23T22:00:32.027Z] Checked if tokens are valid: true, expires at: 1737672577523
[debug] [2025-01-23T22:00:32.027Z] Checked if tokens are valid: true, expires at: 1737672577523
[debug] [2025-01-23T22:00:32.027Z] >>> [apiv2][query] GET https://firebase.googleapis.com/v1beta1/projects/critics-4bf98/adminSdkConfig [none]
[debug] [2025-01-23T22:00:32.407Z] <<< [apiv2][status] GET https://firebase.googleapis.com/v1beta1/projects/critics-4bf98/adminSdkConfig 200
[debug] [2025-01-23T22:00:32.407Z] <<< [apiv2][body] GET https://firebase.googleapis.com/v1beta1/projects/critics-4bf98/adminSdkConfig {"projectId":"critics-4bf98","databaseURL":"https://critics-4bf98-default-rtdb.firebaseio.com","storageBucket":"critics-4bf98.firebasestorage.app"}
[debug] [2025-01-23T22:00:32.429Z] [Extensions] Connecting Extensions emulator, this is a noop.
[info] i  functions: Watching "/Users/geneva/Downloads/PERSONAL/critics/functions" for Cloud Functions... {"metadata":{"emulator":{"name":"functions"},"message":"Watching \"/Users/geneva/Downloads/PERSONAL/critics/functions\" for Cloud Functions..."}}
[debug] [2025-01-23T22:00:32.436Z] Validating nodejs source
[debug] [2025-01-23T22:00:32.905Z] > [functions] package.json contents: {
  "name": "functions",
  "description": "Cloud Functions for Firebase",
  "scripts": {
    "lint": "eslint .",
    "serve": "firebase emulators:start --only functions",
    "shell": "firebase functions:shell",
    "start": "npm run shell",
    "deploy": "firebase deploy --only functions",
    "logs": "firebase functions:log"
  },
  "engines": {
    "node": "22"
  },
  "main": "index.js",
  "dependencies": {
    "firebase-admin": "^12.6.0",
    "firebase-functions": "^6.0.1"
  },
  "devDependencies": {
    "eslint": "^8.15.0",
    "eslint-config-google": "^0.14.0",
    "firebase-functions-test": "^3.1.0"
  },
  "private": true
}
[debug] [2025-01-23T22:00:32.906Z] Building nodejs source
[debug] [2025-01-23T22:00:32.906Z] Failed to find version of module node: reached end of search path /Users/geneva/Downloads/PERSONAL/critics/functions/node_modules
[warn] ⚠  functions: Your requested "node" version "22" doesn't match your global version "23". Using node@23 from host. 
[debug] [2025-01-23T22:00:32.907Z] Could not find functions.yaml. Must use http discovery
[debug] [2025-01-23T22:00:32.914Z] Found firebase-functions binary at '/Users/geneva/Downloads/PERSONAL/critics/functions/node_modules/.bin/firebase-functions'
[info] Serving at port 8660

[debug] [2025-01-23T22:00:33.162Z] Got response from /__/functions.yaml {"endpoints":{"helloWorld":{"availableMemoryMb":null,"timeoutSeconds":null,"minInstances":null,"maxInstances":null,"ingressSettings":null,"concurrency":null,"serviceAccountEmail":null,"vpc":null,"platform":"gcfv2","labels":{},"httpsTrigger":{},"entryPoint":"helloWorld"},"verifyToken":{"availableMemoryMb":null,"timeoutSeconds":null,"minInstances":null,"maxInstances":null,"ingressSettings":null,"concurrency":null,"serviceAccountEmail":null,"vpc":null,"platform":"gcfv2","labels":{},"httpsTrigger":{},"entryPoint":"verifyToken"}},"specVersion":"v1alpha1","requiredAPIs":[],"extensions":{}}
[debug] [2025-01-23T22:00:34.692Z] [work-queue] {"queuedWork":["/critics-4bf98/us-central1/verifyToken-2025-01-23T22:00:34.692Z"],"queueLength":1,"runningWork":[],"workRunningCount":0}
[debug] [2025-01-23T22:00:34.693Z] [work-queue] {"queuedWork":[],"queueLength":0,"runningWork":["/critics-4bf98/us-central1/verifyToken-2025-01-23T22:00:34.692Z"],"workRunningCount":1}
[debug] [2025-01-23T22:00:34.695Z] [work-queue] {"queuedWork":[],"queueLength":0,"runningWork":[],"workRunningCount":0}
[debug] [2025-01-23T22:00:37.179Z] defaultcredentials: writing to file /Users/geneva/.config/firebase/genevaxng_gmail_com_application_default_credentials.json
[debug] [2025-01-23T22:00:37.180Z] Setting GAC to /Users/geneva/.config/firebase/genevaxng_gmail_com_application_default_credentials.json {"metadata":{"emulator":{"name":"functions"},"message":"Setting GAC to /Users/geneva/.config/firebase/genevaxng_gmail_com_application_default_credentials.json"}}
[info] ✔  functions: Loaded functions definitions from source: helloWorld, verifyToken. {"metadata":{"emulator":{"name":"functions"},"message":"Loaded functions definitions from source: helloWorld, verifyToken."}}
[info] ✔  functions[us-central1-helloWorld]: http function initialized (http://127.0.0.1:5001/critics-4bf98/us-central1/helloWorld). {"metadata":{"emulator":{"name":"functions"},"message":"\u001b[1mhttp\u001b[22m function initialized (http://127.0.0.1:5001/critics-4bf98/us-central1/helloWorld)."}}
[info] ✔  functions[us-central1-verifyToken]: http function initialized (http://127.0.0.1:5001/critics-4bf98/us-central1/verifyToken). {"metadata":{"emulator":{"name":"functions"},"message":"\u001b[1mhttp\u001b[22m function initialized (http://127.0.0.1:5001/critics-4bf98/us-central1/verifyToken)."}}
[debug] [2025-01-23T22:00:37.184Z] Could not find VSCode notification endpoint: FetchError: request to http://localhost:40001/vscode/notify failed, reason: . If you are not running the Firebase Data Connect VSCode extension, this is expected and not an issue.
[info] 
┌─────────────────────────────────────────────────────────────┐
│ ✔  All emulators ready! It is now safe to connect your app. │
│ i  View Emulator UI at http://127.0.0.1:4000/               │
└─────────────────────────────────────────────────────────────┘

┌────────────┬────────────────┬──────────────────────────────────┐
│ Emulator   │ Host:Port      │ View in Emulator UI              │
├────────────┼────────────────┼──────────────────────────────────┤
│ Functions  │ 127.0.0.1:5001 │ http://127.0.0.1:4000/functions  │
├────────────┼────────────────┼──────────────────────────────────┤
│ Extensions │ 127.0.0.1:5001 │ http://127.0.0.1:4000/extensions │
└────────────┴────────────────┴──────────────────────────────────┘
  Emulator Hub running at 127.0.0.1:4400
  Other reserved ports: 4500
┌─────────────────────────┬───────────────┬─────────────────────┐
│ Extension Instance Name │ Extension Ref │ View in Emulator UI │
└─────────────────────────┴───────────────┴─────────────────────┘
Issues? Report them at https://github.com/firebase/firebase-tools/issues and attach the *-debug.log files.
 
[debug] [2025-01-23T22:00:42.644Z] [work-queue] {"queuedWork":["/critics-4bf98/us-central1/verifyToken-2025-01-23T22:00:42.644Z"],"queueLength":1,"runningWork":[],"workRunningCount":0}
[debug] [2025-01-23T22:00:42.644Z] [work-queue] {"queuedWork":[],"queueLength":0,"runningWork":["/critics-4bf98/us-central1/verifyToken-2025-01-23T22:00:42.644Z"],"workRunningCount":1}
[debug] [2025-01-23T22:00:42.645Z] Accepted request GET /critics-4bf98/us-central1/verifyToken?token=eyJhbGciOiJSUzI1NiIsImtpZCI6IjBhYmQzYTQzMTc4YzE0MjlkNWE0NDBiYWUzNzM1NDRjMDlmNGUzODciLCJ0eXAiOiJKV1QifQ --> us-central1-verifyToken
[debug] [2025-01-23T22:00:42.647Z] [functions] Runtime ready! Sending request! {"metadata":{"emulator":{"name":"functions"},"message":"[functions] Runtime ready! Sending request!"}}
[debug] [2025-01-23T22:00:42.648Z] [functions] Got req.url=/critics-4bf98/us-central1/verifyToken?token=eyJhbGciOiJSUzI1NiIsImtpZCI6IjBhYmQzYTQzMTc4YzE0MjlkNWE0NDBiYWUzNzM1NDRjMDlmNGUzODciLCJ0eXAiOiJKV1QifQ, mapping to path=/?token=eyJhbGciOiJSUzI1NiIsImtpZCI6IjBhYmQzYTQzMTc4YzE0MjlkNWE0NDBiYWUzNzM1NDRjMDlmNGUzODciLCJ0eXAiOiJKV1QifQ {"metadata":{"emulator":{"name":"functions"},"message":"[functions] Got req.url=/critics-4bf98/us-central1/verifyToken?token=eyJhbGciOiJSUzI1NiIsImtpZCI6IjBhYmQzYTQzMTc4YzE0MjlkNWE0NDBiYWUzNzM1NDRjMDlmNGUzODciLCJ0eXAiOiJKV1QifQ, mapping to path=/?token=eyJhbGciOiJSUzI1NiIsImtpZCI6IjBhYmQzYTQzMTc4YzE0MjlkNWE0NDBiYWUzNzM1NDRjMDlmNGUzODciLCJ0eXAiOiJKV1QifQ"}}
[debug] [2025-01-23T22:00:42.652Z] [worker-pool] addWorker(us-central1-verifyToken) {"metadata":{"emulator":{"name":"functions"},"message":"[worker-pool] addWorker(us-central1-verifyToken)"}}
[debug] [2025-01-23T22:00:42.652Z] [worker-pool] Adding worker with key us-central1-verifyToken, total=1 {"metadata":{"emulator":{"name":"functions"},"message":"[worker-pool] Adding worker with key us-central1-verifyToken, total=1"}}
[info] >  (node:97007) [DEP0040] DeprecationWarning: The `punycode` module is deprecated. Please use a userland alternative instead. {"user":"(node:97007) [DEP0040] DeprecationWarning: The `punycode` module is deprecated. Please use a userland alternative instead.","metadata":{"emulator":{"name":"functions"},"function":{"name":"us-central1-verifyToken"},"extension":{},"message":"\u001b[90m> \u001b[39m (node:97007) [DEP0040] DeprecationWarning: The `punycode` module is deprecated. Please use a userland alternative instead."}}
[info] >  (Use `node --trace-deprecation ...` to show where the warning was created) {"user":"(Use `node --trace-deprecation ...` to show where the warning was created)","metadata":{"emulator":{"name":"functions"},"function":{"name":"us-central1-verifyToken"},"extension":{},"message":"\u001b[90m> \u001b[39m (Use `node --trace-deprecation ...` to show where the warning was created)"}}
[debug] [2025-01-23T22:00:43.284Z] [runtime-status] [97007] Resolved module firebase-admin {"declared":true,"installed":true,"version":"12.7.0","resolution":"/Users/geneva/Downloads/PERSONAL/critics/functions/node_modules/firebase-admin/lib/index.js"} {"metadata":{"emulator":{"name":"functions"},"function":{"name":"us-central1-verifyToken"},"extension":{},"message":"[runtime-status] [97007] Resolved module firebase-admin {\"declared\":true,\"installed\":true,\"version\":\"12.7.0\",\"resolution\":\"/Users/geneva/Downloads/PERSONAL/critics/functions/node_modules/firebase-admin/lib/index.js\"}"}}
[debug] [2025-01-23T22:00:43.285Z] [runtime-status] [97007] Resolved module firebase-functions {"declared":true,"installed":true,"version":"6.2.0","resolution":"/Users/geneva/Downloads/PERSONAL/critics/functions/node_modules/firebase-functions/lib/v2/index.js"} {"metadata":{"emulator":{"name":"functions"},"function":{"name":"us-central1-verifyToken"},"extension":{},"message":"[runtime-status] [97007] Resolved module firebase-functions {\"declared\":true,\"installed\":true,\"version\":\"6.2.0\",\"resolution\":\"/Users/geneva/Downloads/PERSONAL/critics/functions/node_modules/firebase-functions/lib/v2/index.js\"}"}}
[debug] [2025-01-23T22:00:43.285Z] [runtime-status] [97007] Outgoing network have been stubbed. [{"name":"http","status":"mocked"},{"name":"http","status":"mocked"},{"name":"https","status":"mocked"},{"name":"https","status":"mocked"},{"name":"net","status":"mocked"}] {"metadata":{"emulator":{"name":"functions"},"function":{"name":"us-central1-verifyToken"},"extension":{},"message":"[runtime-status] [97007] Outgoing network have been stubbed. [{\"name\":\"http\",\"status\":\"mocked\"},{\"name\":\"http\",\"status\":\"mocked\"},{\"name\":\"https\",\"status\":\"mocked\"},{\"name\":\"https\",\"status\":\"mocked\"},{\"name\":\"net\",\"status\":\"mocked\"}]"}}
[debug] [2025-01-23T22:00:43.285Z] [runtime-status] [97007] Resolved module firebase-functions {"declared":true,"installed":true,"version":"6.2.0","resolution":"/Users/geneva/Downloads/PERSONAL/critics/functions/node_modules/firebase-functions/lib/v2/index.js"} {"metadata":{"emulator":{"name":"functions"},"function":{"name":"us-central1-verifyToken"},"extension":{},"message":"[runtime-status] [97007] Resolved module firebase-functions {\"declared\":true,\"installed\":true,\"version\":\"6.2.0\",\"resolution\":\"/Users/geneva/Downloads/PERSONAL/critics/functions/node_modules/firebase-functions/lib/v2/index.js\"}"}}
[debug] [2025-01-23T22:00:43.484Z] [runtime-status] [97007] Checked functions.config() {"config":{}} {"metadata":{"emulator":{"name":"functions"},"function":{"name":"us-central1-verifyToken"},"extension":{},"message":"[runtime-status] [97007] Checked functions.config() {\"config\":{}}"}}
[debug] [2025-01-23T22:00:43.485Z] [runtime-status] [97007] firebase-functions has been stubbed. {"functionsResolution":{"declared":true,"installed":true,"version":"6.2.0","resolution":"/Users/geneva/Downloads/PERSONAL/critics/functions/node_modules/firebase-functions/lib/v2/index.js"}} {"metadata":{"emulator":{"name":"functions"},"function":{"name":"us-central1-verifyToken"},"extension":{},"message":"[runtime-status] [97007] firebase-functions has been stubbed. {\"functionsResolution\":{\"declared\":true,\"installed\":true,\"version\":\"6.2.0\",\"resolution\":\"/Users/geneva/Downloads/PERSONAL/critics/functions/node_modules/firebase-functions/lib/v2/index.js\"}}"}}
[debug] [2025-01-23T22:00:43.485Z] [runtime-status] [97007] Resolved module firebase-functions {"declared":true,"installed":true,"version":"6.2.0","resolution":"/Users/geneva/Downloads/PERSONAL/critics/functions/node_modules/firebase-functions/lib/v2/index.js"} {"metadata":{"emulator":{"name":"functions"},"function":{"name":"us-central1-verifyToken"},"extension":{},"message":"[runtime-status] [97007] Resolved module firebase-functions {\"declared\":true,\"installed\":true,\"version\":\"6.2.0\",\"resolution\":\"/Users/geneva/Downloads/PERSONAL/critics/functions/node_modules/firebase-functions/lib/v2/index.js\"}"}}
[debug] [2025-01-23T22:00:43.487Z] [runtime-status] [97007] Resolved module firebase-admin {"declared":true,"installed":true,"version":"12.7.0","resolution":"/Users/geneva/Downloads/PERSONAL/critics/functions/node_modules/firebase-admin/lib/index.js"} {"metadata":{"emulator":{"name":"functions"},"function":{"name":"us-central1-verifyToken"},"extension":{},"message":"[runtime-status] [97007] Resolved module firebase-admin {\"declared\":true,\"installed\":true,\"version\":\"12.7.0\",\"resolution\":\"/Users/geneva/Downloads/PERSONAL/critics/functions/node_modules/firebase-admin/lib/index.js\"}"}}
[debug] [2025-01-23T22:00:43.488Z] [runtime-status] [97007] Resolved module firebase-functions {"declared":true,"installed":true,"version":"6.2.0","resolution":"/Users/geneva/Downloads/PERSONAL/critics/functions/node_modules/firebase-functions/lib/v2/index.js"} {"metadata":{"emulator":{"name":"functions"},"function":{"name":"us-central1-verifyToken"},"extension":{},"message":"[runtime-status] [97007] Resolved module firebase-functions {\"declared\":true,\"installed\":true,\"version\":\"6.2.0\",\"resolution\":\"/Users/geneva/Downloads/PERSONAL/critics/functions/node_modules/firebase-functions/lib/v2/index.js\"}"}}
[debug] [2025-01-23T22:00:43.488Z] [runtime-status] [97007] firebase-admin has been stubbed. {"adminResolution":{"declared":true,"installed":true,"version":"12.7.0","resolution":"/Users/geneva/Downloads/PERSONAL/critics/functions/node_modules/firebase-admin/lib/index.js"}} {"metadata":{"emulator":{"name":"functions"},"function":{"name":"us-central1-verifyToken"},"extension":{},"message":"[runtime-status] [97007] firebase-admin has been stubbed. {\"adminResolution\":{\"declared\":true,\"installed\":true,\"version\":\"12.7.0\",\"resolution\":\"/Users/geneva/Downloads/PERSONAL/critics/functions/node_modules/firebase-admin/lib/index.js\"}}"}}
[debug] [2025-01-23T22:00:43.490Z] [runtime-status] [97007] initializeApp(DEFAULT) {"storageBucket":"critics-4bf98.firebasestorage.app","databaseURL":"https://critics-4bf98-default-rtdb.firebaseio.com","projectId":"critics-4bf98"} {"metadata":{"emulator":{"name":"functions"},"function":{"name":"us-central1-verifyToken"},"extension":{},"message":"[runtime-status] [97007] initializeApp(DEFAULT) {\"storageBucket\":\"critics-4bf98.firebasestorage.app\",\"databaseURL\":\"https://critics-4bf98-default-rtdb.firebaseio.com\",\"projectId\":\"critics-4bf98\"}"}}
[debug] [2025-01-23T22:00:43.493Z] [runtime-status] [97007] Functions runtime initialized. {"cwd":"/Users/geneva/Downloads/PERSONAL/critics/functions","node_version":"23.4.0"} {"metadata":{"emulator":{"name":"functions"},"function":{"name":"us-central1-verifyToken"},"extension":{},"message":"[runtime-status] [97007] Functions runtime initialized. {\"cwd\":\"/Users/geneva/Downloads/PERSONAL/critics/functions\",\"node_version\":\"23.4.0\"}"}}
[debug] [2025-01-23T22:00:43.493Z] [runtime-status] [97007] Listening to port: /var/folders/3g/90dsk9rx4lvc8xf9mltqvjc40000gn/T/fire_emu_a82d069181fec0fb.sock {"metadata":{"emulator":{"name":"functions"},"function":{"name":"us-central1-verifyToken"},"extension":{},"message":"[runtime-status] [97007] Listening to port: /var/folders/3g/90dsk9rx4lvc8xf9mltqvjc40000gn/T/fire_emu_a82d069181fec0fb.sock"}}
[debug] [2025-01-23T22:00:43.573Z] [worker-us-central1-verifyToken-4b2f8bc5-93c4-4c24-9bd7-7434eb3b9998]: IDLE {"metadata":{"emulator":{"name":"functions"},"function":{"name":"us-central1-verifyToken"},"extension":{},"message":"[worker-us-central1-verifyToken-4b2f8bc5-93c4-4c24-9bd7-7434eb3b9998]: IDLE"}}
[debug] [2025-01-23T22:00:43.573Z] [worker-pool] submitRequest(triggerId=us-central1-verifyToken) {"metadata":{"emulator":{"name":"functions"},"message":"[worker-pool] submitRequest(triggerId=us-central1-verifyToken)"}}
[info] i  functions: Beginning execution of "us-central1-verifyToken" {"metadata":{"emulator":{"name":"functions"},"function":{"name":"us-central1-verifyToken"},"extension":{},"message":"Beginning execution of \"us-central1-verifyToken\""}}
[debug] [2025-01-23T22:00:43.574Z] [worker-us-central1-verifyToken-4b2f8bc5-93c4-4c24-9bd7-7434eb3b9998]: BUSY {"metadata":{"emulator":{"name":"functions"},"function":{"name":"us-central1-verifyToken"},"extension":{},"message":"[worker-us-central1-verifyToken-4b2f8bc5-93c4-4c24-9bd7-7434eb3b9998]: BUSY"}}
[debug] [2025-01-23T22:00:43.577Z] Finishing up request with event=pause {"metadata":{"emulator":{"name":"functions"},"function":{"name":"us-central1-verifyToken"},"extension":{},"message":"Finishing up request with event=pause"}}
[info] i  functions: Finished "us-central1-verifyToken" in 3.631792ms {"metadata":{"emulator":{"name":"functions"},"function":{"name":"us-central1-verifyToken"},"extension":{},"message":"Finished \"us-central1-verifyToken\" in 3.631792ms"}}
[debug] [2025-01-23T22:00:43.577Z] [worker-us-central1-verifyToken-4b2f8bc5-93c4-4c24-9bd7-7434eb3b9998]: IDLE {"metadata":{"emulator":{"name":"functions"},"function":{"name":"us-central1-verifyToken"},"extension":{},"message":"[worker-us-central1-verifyToken-4b2f8bc5-93c4-4c24-9bd7-7434eb3b9998]: IDLE"}}
[debug] [2025-01-23T22:00:43.578Z] Finishing up request with event=finish {"metadata":{"emulator":{"name":"functions"},"function":{"name":"us-central1-verifyToken"},"extension":{},"message":"Finishing up request with event=finish"}}
[debug] [2025-01-23T22:00:43.578Z] Finishing up request with event=close {"metadata":{"emulator":{"name":"functions"},"function":{"name":"us-central1-verifyToken"},"extension":{},"message":"Finishing up request with event=close"}}
[debug] [2025-01-23T22:00:43.578Z] [work-queue] {"queuedWork":[],"queueLength":0,"runningWork":[],"workRunningCount":0}
[debug] [2025-01-23T22:02:34.404Z] [work-queue] {"queuedWork":["/critics-4bf98/us-central1/verifyToken-2025-01-23T22:02:34.403Z"],"queueLength":1,"runningWork":[],"workRunningCount":0}
[debug] [2025-01-23T22:02:34.405Z] [work-queue] {"queuedWork":[],"queueLength":0,"runningWork":["/critics-4bf98/us-central1/verifyToken-2025-01-23T22:02:34.403Z"],"workRunningCount":1}
[debug] [2025-01-23T22:02:34.405Z] Accepted request POST /critics-4bf98/us-central1/verifyToken --> us-central1-verifyToken
[debug] [2025-01-23T22:02:34.409Z] [functions] Runtime ready! Sending request! {"metadata":{"emulator":{"name":"functions"},"message":"[functions] Runtime ready! Sending request!"}}
[debug] [2025-01-23T22:02:34.409Z] [functions] Got req.url=/critics-4bf98/us-central1/verifyToken, mapping to path=/ {"metadata":{"emulator":{"name":"functions"},"message":"[functions] Got req.url=/critics-4bf98/us-central1/verifyToken, mapping to path=/"}}
[debug] [2025-01-23T22:02:34.410Z] [worker-pool] submitRequest(triggerId=us-central1-verifyToken) {"metadata":{"emulator":{"name":"functions"},"message":"[worker-pool] submitRequest(triggerId=us-central1-verifyToken)"}}
[info] i  functions: Beginning execution of "us-central1-verifyToken" {"metadata":{"emulator":{"name":"functions"},"function":{"name":"us-central1-verifyToken"},"extension":{},"message":"Beginning execution of \"us-central1-verifyToken\""}}
[debug] [2025-01-23T22:02:34.411Z] [worker-us-central1-verifyToken-4b2f8bc5-93c4-4c24-9bd7-7434eb3b9998]: BUSY {"metadata":{"emulator":{"name":"functions"},"function":{"name":"us-central1-verifyToken"},"extension":{},"message":"[worker-us-central1-verifyToken-4b2f8bc5-93c4-4c24-9bd7-7434eb3b9998]: BUSY"}}
[warn] ⚠  functions: The Firebase Authentication emulator is not running, so calls to Firebase Authentication will affect production. {"metadata":{"emulator":{"name":"functions"},"function":{"name":"us-central1-verifyToken"},"extension":{},"message":"The Firebase Authentication emulator is not running, so calls to Firebase Authentication will affect production."}}
[info] >  Error verifying token: FirebaseAuthError: Decoding Firebase ID token failed. Make sure you passed the entire string JWT which represents an ID token. See https://firebase.google.com/docs/auth/admin/verify-id-tokens for details on how to retrieve an ID token. {"user":"Error verifying token: FirebaseAuthError: Decoding Firebase ID token failed. Make sure you passed the entire string JWT which represents an ID token. See https://firebase.google.com/docs/auth/admin/verify-id-tokens for details on how to retrieve an ID token.","metadata":{"emulator":{"name":"functions"},"function":{"name":"us-central1-verifyToken"},"extension":{},"message":"\u001b[90m> \u001b[39m Error verifying token: FirebaseAuthError: Decoding Firebase ID token failed. Make sure you passed the entire string JWT which represents an ID token. See https://firebase.google.com/docs/auth/admin/verify-id-tokens for details on how to retrieve an ID token."}}
[info] >      at /Users/geneva/Downloads/PERSONAL/critics/functions/node_modules/firebase-admin/lib/auth/token-verifier.js:174:23 {"user":"    at /Users/geneva/Downloads/PERSONAL/critics/functions/node_modules/firebase-admin/lib/auth/token-verifier.js:174:23","metadata":{"emulator":{"name":"functions"},"function":{"name":"us-central1-verifyToken"},"extension":{},"message":"\u001b[90m> \u001b[39m     at /Users/geneva/Downloads/PERSONAL/critics/functions/node_modules/firebase-admin/lib/auth/token-verifier.js:174:23"}}
[info] >      at process.processTicksAndRejections (node:internal/process/task_queues:105:5) { {"user":"    at process.processTicksAndRejections (node:internal/process/task_queues:105:5) {","metadata":{"emulator":{"name":"functions"},"function":{"name":"us-central1-verifyToken"},"extension":{},"message":"\u001b[90m> \u001b[39m     at process.processTicksAndRejections (node:internal/process/task_queues:105:5) {"}}
[info] >    errorInfo: { {"user":"  errorInfo: {","metadata":{"emulator":{"name":"functions"},"function":{"name":"us-central1-verifyToken"},"extension":{},"message":"\u001b[90m> \u001b[39m   errorInfo: {"}}
[info] >      code: 'auth/argument-error', {"user":"    code: 'auth/argument-error',","metadata":{"emulator":{"name":"functions"},"function":{"name":"us-central1-verifyToken"},"extension":{},"message":"\u001b[90m> \u001b[39m     code: 'auth/argument-error',"}}
[info] >      message: 'Decoding Firebase ID token failed. Make sure you passed the entire string JWT which represents an ID token. See https://firebase.google.com/docs/auth/admin/verify-id-tokens for details on how to retrieve an ID token.' {"user":"    message: 'Decoding Firebase ID token failed. Make sure you passed the entire string JWT which represents an ID token. See https://firebase.google.com/docs/auth/admin/verify-id-tokens for details on how to retrieve an ID token.'","metadata":{"emulator":{"name":"functions"},"function":{"name":"us-central1-verifyToken"},"extension":{},"message":"\u001b[90m> \u001b[39m     message: 'Decoding Firebase ID token failed. Make sure you passed the entire string JWT which represents an ID token. See https://firebase.google.com/docs/auth/admin/verify-id-tokens for details on how to retrieve an ID token.'"}}
[info] >    }, {"user":"  },","metadata":{"emulator":{"name":"functions"},"function":{"name":"us-central1-verifyToken"},"extension":{},"message":"\u001b[90m> \u001b[39m   },"}}
[info] >    codePrefix: 'auth' {"user":"  codePrefix: 'auth'","metadata":{"emulator":{"name":"functions"},"function":{"name":"us-central1-verifyToken"},"extension":{},"message":"\u001b[90m> \u001b[39m   codePrefix: 'auth'"}}
[info] >  } {"user":"}","metadata":{"emulator":{"name":"functions"},"function":{"name":"us-central1-verifyToken"},"extension":{},"message":"\u001b[90m> \u001b[39m }"}}
[debug] [2025-01-23T22:02:34.445Z] Finishing up request with event=pause {"metadata":{"emulator":{"name":"functions"},"function":{"name":"us-central1-verifyToken"},"extension":{},"message":"Finishing up request with event=pause"}}
[info] i  functions: Finished "us-central1-verifyToken" in 34.00225ms {"metadata":{"emulator":{"name":"functions"},"function":{"name":"us-central1-verifyToken"},"extension":{},"message":"Finished \"us-central1-verifyToken\" in 34.00225ms"}}
[debug] [2025-01-23T22:02:34.445Z] [worker-us-central1-verifyToken-4b2f8bc5-93c4-4c24-9bd7-7434eb3b9998]: IDLE {"metadata":{"emulator":{"name":"functions"},"function":{"name":"us-central1-verifyToken"},"extension":{},"message":"[worker-us-central1-verifyToken-4b2f8bc5-93c4-4c24-9bd7-7434eb3b9998]: IDLE"}}
[debug] [2025-01-23T22:02:34.445Z] Finishing up request with event=finish {"metadata":{"emulator":{"name":"functions"},"function":{"name":"us-central1-verifyToken"},"extension":{},"message":"Finishing up request with event=finish"}}
[debug] [2025-01-23T22:02:34.446Z] Finishing up request with event=close {"metadata":{"emulator":{"name":"functions"},"function":{"name":"us-central1-verifyToken"},"extension":{},"message":"Finishing up request with event=close"}}
[debug] [2025-01-23T22:02:34.446Z] [work-queue] {"queuedWork":[],"queueLength":0,"runningWork":[],"workRunningCount":0}
[debug] [2025-01-23T22:02:50.839Z] [work-queue] {"queuedWork":["/critics-4bf98/us-central1/verifyToken-2025-01-23T22:02:50.839Z"],"queueLength":1,"runningWork":[],"workRunningCount":0}
[debug] [2025-01-23T22:02:50.839Z] [work-queue] {"queuedWork":[],"queueLength":0,"runningWork":["/critics-4bf98/us-central1/verifyToken-2025-01-23T22:02:50.839Z"],"workRunningCount":1}
[debug] [2025-01-23T22:02:50.840Z] Accepted request POST /critics-4bf98/us-central1/verifyToken --> us-central1-verifyToken
[debug] [2025-01-23T22:02:50.842Z] [functions] Runtime ready! Sending request! {"metadata":{"emulator":{"name":"functions"},"message":"[functions] Runtime ready! Sending request!"}}
[debug] [2025-01-23T22:02:50.843Z] [functions] Got req.url=/critics-4bf98/us-central1/verifyToken, mapping to path=/ {"metadata":{"emulator":{"name":"functions"},"message":"[functions] Got req.url=/critics-4bf98/us-central1/verifyToken, mapping to path=/"}}
[debug] [2025-01-23T22:02:50.843Z] [worker-pool] submitRequest(triggerId=us-central1-verifyToken) {"metadata":{"emulator":{"name":"functions"},"message":"[worker-pool] submitRequest(triggerId=us-central1-verifyToken)"}}
[info] i  functions: Beginning execution of "us-central1-verifyToken" {"metadata":{"emulator":{"name":"functions"},"function":{"name":"us-central1-verifyToken"},"extension":{},"message":"Beginning execution of \"us-central1-verifyToken\""}}
[debug] [2025-01-23T22:02:50.843Z] [worker-us-central1-verifyToken-4b2f8bc5-93c4-4c24-9bd7-7434eb3b9998]: BUSY {"metadata":{"emulator":{"name":"functions"},"function":{"name":"us-central1-verifyToken"},"extension":{},"message":"[worker-us-central1-verifyToken-4b2f8bc5-93c4-4c24-9bd7-7434eb3b9998]: BUSY"}}
[info] >  Error verifying token: FirebaseAuthError: Decoding Firebase ID token failed. Make sure you passed the entire string JWT which represents an ID token. See https://firebase.google.com/docs/auth/admin/verify-id-tokens for details on how to retrieve an ID token. {"user":"Error verifying token: FirebaseAuthError: Decoding Firebase ID token failed. Make sure you passed the entire string JWT which represents an ID token. See https://firebase.google.com/docs/auth/admin/verify-id-tokens for details on how to retrieve an ID token.","metadata":{"emulator":{"name":"functions"},"function":{"name":"us-central1-verifyToken"},"extension":{},"message":"\u001b[90m> \u001b[39m Error verifying token: FirebaseAuthError: Decoding Firebase ID token failed. Make sure you passed the entire string JWT which represents an ID token. See https://firebase.google.com/docs/auth/admin/verify-id-tokens for details on how to retrieve an ID token."}}
[info] >      at /Users/geneva/Downloads/PERSONAL/critics/functions/node_modules/firebase-admin/lib/auth/token-verifier.js:174:23 {"user":"    at /Users/geneva/Downloads/PERSONAL/critics/functions/node_modules/firebase-admin/lib/auth/token-verifier.js:174:23","metadata":{"emulator":{"name":"functions"},"function":{"name":"us-central1-verifyToken"},"extension":{},"message":"\u001b[90m> \u001b[39m     at /Users/geneva/Downloads/PERSONAL/critics/functions/node_modules/firebase-admin/lib/auth/token-verifier.js:174:23"}}
[info] >      at process.processTicksAndRejections (node:internal/process/task_queues:105:5) { {"user":"    at process.processTicksAndRejections (node:internal/process/task_queues:105:5) {","metadata":{"emulator":{"name":"functions"},"function":{"name":"us-central1-verifyToken"},"extension":{},"message":"\u001b[90m> \u001b[39m     at process.processTicksAndRejections (node:internal/process/task_queues:105:5) {"}}
[info] >    errorInfo: { {"user":"  errorInfo: {","metadata":{"emulator":{"name":"functions"},"function":{"name":"us-central1-verifyToken"},"extension":{},"message":"\u001b[90m> \u001b[39m   errorInfo: {"}}
[info] >      code: 'auth/argument-error', {"user":"    code: 'auth/argument-error',","metadata":{"emulator":{"name":"functions"},"function":{"name":"us-central1-verifyToken"},"extension":{},"message":"\u001b[90m> \u001b[39m     code: 'auth/argument-error',"}}
[info] >      message: 'Decoding Firebase ID token failed. Make sure you passed the entire string JWT which represents an ID token. See https://firebase.google.com/docs/auth/admin/verify-id-tokens for details on how to retrieve an ID token.' {"user":"    message: 'Decoding Firebase ID token failed. Make sure you passed the entire string JWT which represents an ID token. See https://firebase.google.com/docs/auth/admin/verify-id-tokens for details on how to retrieve an ID token.'","metadata":{"emulator":{"name":"functions"},"function":{"name":"us-central1-verifyToken"},"extension":{},"message":"\u001b[90m> \u001b[39m     message: 'Decoding Firebase ID token failed. Make sure you passed the entire string JWT which represents an ID token. See https://firebase.google.com/docs/auth/admin/verify-id-tokens for details on how to retrieve an ID token.'"}}
[info] >    }, {"user":"  },","metadata":{"emulator":{"name":"functions"},"function":{"name":"us-central1-verifyToken"},"extension":{},"message":"\u001b[90m> \u001b[39m   },"}}
[info] >    codePrefix: 'auth' {"user":"  codePrefix: 'auth'","metadata":{"emulator":{"name":"functions"},"function":{"name":"us-central1-verifyToken"},"extension":{},"message":"\u001b[90m> \u001b[39m   codePrefix: 'auth'"}}
[info] >  } {"user":"}","metadata":{"emulator":{"name":"functions"},"function":{"name":"us-central1-verifyToken"},"extension":{},"message":"\u001b[90m> \u001b[39m }"}}
[debug] [2025-01-23T22:02:50.848Z] Finishing up request with event=pause {"metadata":{"emulator":{"name":"functions"},"function":{"name":"us-central1-verifyToken"},"extension":{},"message":"Finishing up request with event=pause"}}
[info] i  functions: Finished "us-central1-verifyToken" in 4.510042ms {"metadata":{"emulator":{"name":"functions"},"function":{"name":"us-central1-verifyToken"},"extension":{},"message":"Finished \"us-central1-verifyToken\" in 4.510042ms"}}
[debug] [2025-01-23T22:02:50.848Z] [worker-us-central1-verifyToken-4b2f8bc5-93c4-4c24-9bd7-7434eb3b9998]: IDLE {"metadata":{"emulator":{"name":"functions"},"function":{"name":"us-central1-verifyToken"},"extension":{},"message":"[worker-us-central1-verifyToken-4b2f8bc5-93c4-4c24-9bd7-7434eb3b9998]: IDLE"}}
[debug] [2025-01-23T22:02:50.848Z] Finishing up request with event=finish {"metadata":{"emulator":{"name":"functions"},"function":{"name":"us-central1-verifyToken"},"extension":{},"message":"Finishing up request with event=finish"}}
[debug] [2025-01-23T22:02:50.848Z] Finishing up request with event=close {"metadata":{"emulator":{"name":"functions"},"function":{"name":"us-central1-verifyToken"},"extension":{},"message":"Finishing up request with event=close"}}
[debug] [2025-01-23T22:02:50.848Z] [work-queue] {"queuedWork":[],"queueLength":0,"runningWork":[],"workRunningCount":0}
[debug] [2025-01-23T22:04:02.722Z] [work-queue] {"queuedWork":["/critics-4bf98/us-central1/verifyToken-2025-01-23T22:04:02.722Z"],"queueLength":1,"runningWork":[],"workRunningCount":0}
[debug] [2025-01-23T22:04:02.723Z] [work-queue] {"queuedWork":[],"queueLength":0,"runningWork":["/critics-4bf98/us-central1/verifyToken-2025-01-23T22:04:02.722Z"],"workRunningCount":1}
[debug] [2025-01-23T22:04:02.723Z] Accepted request POST /critics-4bf98/us-central1/verifyToken --> us-central1-verifyToken
[debug] [2025-01-23T22:04:02.725Z] [functions] Runtime ready! Sending request! {"metadata":{"emulator":{"name":"functions"},"message":"[functions] Runtime ready! Sending request!"}}
[debug] [2025-01-23T22:04:02.725Z] [functions] Got req.url=/critics-4bf98/us-central1/verifyToken, mapping to path=/ {"metadata":{"emulator":{"name":"functions"},"message":"[functions] Got req.url=/critics-4bf98/us-central1/verifyToken, mapping to path=/"}}
[debug] [2025-01-23T22:04:02.725Z] [worker-pool] submitRequest(triggerId=us-central1-verifyToken) {"metadata":{"emulator":{"name":"functions"},"message":"[worker-pool] submitRequest(triggerId=us-central1-verifyToken)"}}
[info] i  functions: Beginning execution of "us-central1-verifyToken" {"metadata":{"emulator":{"name":"functions"},"function":{"name":"us-central1-verifyToken"},"extension":{},"message":"Beginning execution of \"us-central1-verifyToken\""}}
[debug] [2025-01-23T22:04:02.726Z] [worker-us-central1-verifyToken-4b2f8bc5-93c4-4c24-9bd7-7434eb3b9998]: BUSY {"metadata":{"emulator":{"name":"functions"},"function":{"name":"us-central1-verifyToken"},"extension":{},"message":"[worker-us-central1-verifyToken-4b2f8bc5-93c4-4c24-9bd7-7434eb3b9998]: BUSY"}}
[debug] [2025-01-23T22:04:02.823Z] Finishing up request with event=pause {"metadata":{"emulator":{"name":"functions"},"function":{"name":"us-central1-verifyToken"},"extension":{},"message":"Finishing up request with event=pause"}}
[info] i  functions: Finished "us-central1-verifyToken" in 97.318459ms {"metadata":{"emulator":{"name":"functions"},"function":{"name":"us-central1-verifyToken"},"extension":{},"message":"Finished \"us-central1-verifyToken\" in 97.318459ms"}}
[debug] [2025-01-23T22:04:02.824Z] [worker-us-central1-verifyToken-4b2f8bc5-93c4-4c24-9bd7-7434eb3b9998]: IDLE {"metadata":{"emulator":{"name":"functions"},"function":{"name":"us-central1-verifyToken"},"extension":{},"message":"[worker-us-central1-verifyToken-4b2f8bc5-93c4-4c24-9bd7-7434eb3b9998]: IDLE"}}
[debug] [2025-01-23T22:04:02.824Z] Finishing up request with event=finish {"metadata":{"emulator":{"name":"functions"},"function":{"name":"us-central1-verifyToken"},"extension":{},"message":"Finishing up request with event=finish"}}
[debug] [2025-01-23T22:04:02.824Z] Finishing up request with event=close {"metadata":{"emulator":{"name":"functions"},"function":{"name":"us-central1-verifyToken"},"extension":{},"message":"Finishing up request with event=close"}}
[debug] [2025-01-23T22:04:02.824Z] [work-queue] {"queuedWork":[],"queueLength":0,"runningWork":[],"workRunningCount":0}
[debug] [2025-01-23T22:05:35.945Z] [work-queue] {"queuedWork":["/critics-4bf98/us-central1/verifyToken-2025-01-23T22:05:35.945Z"],"queueLength":1,"runningWork":[],"workRunningCount":0}
[debug] [2025-01-23T22:05:35.946Z] [work-queue] {"queuedWork":[],"queueLength":0,"runningWork":["/critics-4bf98/us-central1/verifyToken-2025-01-23T22:05:35.945Z"],"workRunningCount":1}
[debug] [2025-01-23T22:05:35.946Z] Accepted request POST /critics-4bf98/us-central1/verifyToken --> us-central1-verifyToken
[debug] [2025-01-23T22:05:35.948Z] [functions] Runtime ready! Sending request! {"metadata":{"emulator":{"name":"functions"},"message":"[functions] Runtime ready! Sending request!"}}
[debug] [2025-01-23T22:05:35.948Z] [functions] Got req.url=/critics-4bf98/us-central1/verifyToken, mapping to path=/ {"metadata":{"emulator":{"name":"functions"},"message":"[functions] Got req.url=/critics-4bf98/us-central1/verifyToken, mapping to path=/"}}
[debug] [2025-01-23T22:05:35.949Z] [worker-pool] submitRequest(triggerId=us-central1-verifyToken) {"metadata":{"emulator":{"name":"functions"},"message":"[worker-pool] submitRequest(triggerId=us-central1-verifyToken)"}}
[info] i  functions: Beginning execution of "us-central1-verifyToken" {"metadata":{"emulator":{"name":"functions"},"function":{"name":"us-central1-verifyToken"},"extension":{},"message":"Beginning execution of \"us-central1-verifyToken\""}}
[debug] [2025-01-23T22:05:35.949Z] [worker-us-central1-verifyToken-4b2f8bc5-93c4-4c24-9bd7-7434eb3b9998]: BUSY {"metadata":{"emulator":{"name":"functions"},"function":{"name":"us-central1-verifyToken"},"extension":{},"message":"[worker-us-central1-verifyToken-4b2f8bc5-93c4-4c24-9bd7-7434eb3b9998]: BUSY"}}
[debug] [2025-01-23T22:05:35.964Z] Finishing up request with event=pause {"metadata":{"emulator":{"name":"functions"},"function":{"name":"us-central1-verifyToken"},"extension":{},"message":"Finishing up request with event=pause"}}
[info] i  functions: Finished "us-central1-verifyToken" in 14.884459ms {"metadata":{"emulator":{"name":"functions"},"function":{"name":"us-central1-verifyToken"},"extension":{},"message":"Finished \"us-central1-verifyToken\" in 14.884459ms"}}
[debug] [2025-01-23T22:05:35.964Z] [worker-us-central1-verifyToken-4b2f8bc5-93c4-4c24-9bd7-7434eb3b9998]: IDLE {"metadata":{"emulator":{"name":"functions"},"function":{"name":"us-central1-verifyToken"},"extension":{},"message":"[worker-us-central1-verifyToken-4b2f8bc5-93c4-4c24-9bd7-7434eb3b9998]: IDLE"}}
[debug] [2025-01-23T22:05:35.964Z] Finishing up request with event=finish {"metadata":{"emulator":{"name":"functions"},"function":{"name":"us-central1-verifyToken"},"extension":{},"message":"Finishing up request with event=finish"}}
[debug] [2025-01-23T22:05:35.964Z] Finishing up request with event=close {"metadata":{"emulator":{"name":"functions"},"function":{"name":"us-central1-verifyToken"},"extension":{},"message":"Finishing up request with event=close"}}
[debug] [2025-01-23T22:05:35.965Z] [work-queue] {"queuedWork":[],"queueLength":0,"runningWork":[],"workRunningCount":0}
[debug] [2025-01-23T22:05:45.428Z] [work-queue] {"queuedWork":["/critics-4bf98/us-central1/verifyToken-2025-01-23T22:05:45.428Z"],"queueLength":1,"runningWork":[],"workRunningCount":0}
[debug] [2025-01-23T22:05:45.428Z] [work-queue] {"queuedWork":[],"queueLength":0,"runningWork":["/critics-4bf98/us-central1/verifyToken-2025-01-23T22:05:45.428Z"],"workRunningCount":1}
[debug] [2025-01-23T22:05:45.429Z] Accepted request POST /critics-4bf98/us-central1/verifyToken --> us-central1-verifyToken
[debug] [2025-01-23T22:05:45.432Z] [functions] Runtime ready! Sending request! {"metadata":{"emulator":{"name":"functions"},"message":"[functions] Runtime ready! Sending request!"}}
[debug] [2025-01-23T22:05:45.433Z] [functions] Got req.url=/critics-4bf98/us-central1/verifyToken, mapping to path=/ {"metadata":{"emulator":{"name":"functions"},"message":"[functions] Got req.url=/critics-4bf98/us-central1/verifyToken, mapping to path=/"}}
[debug] [2025-01-23T22:05:45.433Z] [worker-pool] submitRequest(triggerId=us-central1-verifyToken) {"metadata":{"emulator":{"name":"functions"},"message":"[worker-pool] submitRequest(triggerId=us-central1-verifyToken)"}}
[info] i  functions: Beginning execution of "us-central1-verifyToken" {"metadata":{"emulator":{"name":"functions"},"function":{"name":"us-central1-verifyToken"},"extension":{},"message":"Beginning execution of \"us-central1-verifyToken\""}}
[debug] [2025-01-23T22:05:45.434Z] [worker-us-central1-verifyToken-4b2f8bc5-93c4-4c24-9bd7-7434eb3b9998]: BUSY {"metadata":{"emulator":{"name":"functions"},"function":{"name":"us-central1-verifyToken"},"extension":{},"message":"[worker-us-central1-verifyToken-4b2f8bc5-93c4-4c24-9bd7-7434eb3b9998]: BUSY"}}
[debug] [2025-01-23T22:05:45.440Z] Finishing up request with event=pause {"metadata":{"emulator":{"name":"functions"},"function":{"name":"us-central1-verifyToken"},"extension":{},"message":"Finishing up request with event=pause"}}
[info] i  functions: Finished "us-central1-verifyToken" in 7.414708ms {"metadata":{"emulator":{"name":"functions"},"function":{"name":"us-central1-verifyToken"},"extension":{},"message":"Finished \"us-central1-verifyToken\" in 7.414708ms"}}
[debug] [2025-01-23T22:05:45.442Z] [worker-us-central1-verifyToken-4b2f8bc5-93c4-4c24-9bd7-7434eb3b9998]: IDLE {"metadata":{"emulator":{"name":"functions"},"function":{"name":"us-central1-verifyToken"},"extension":{},"message":"[worker-us-central1-verifyToken-4b2f8bc5-93c4-4c24-9bd7-7434eb3b9998]: IDLE"}}
[debug] [2025-01-23T22:05:45.443Z] Finishing up request with event=finish {"metadata":{"emulator":{"name":"functions"},"function":{"name":"us-central1-verifyToken"},"extension":{},"message":"Finishing up request with event=finish"}}
[debug] [2025-01-23T22:05:45.443Z] Finishing up request with event=close {"metadata":{"emulator":{"name":"functions"},"function":{"name":"us-central1-verifyToken"},"extension":{},"message":"Finishing up request with event=close"}}
[debug] [2025-01-23T22:05:45.443Z] [work-queue] {"queuedWork":[],"queueLength":0,"runningWork":[],"workRunningCount":0}
